Fri Mar 15 13:54:31 EDT 2024
Loading modules...
To use your local R packages in RStudio, run:
echo "R_LIBS_USER=~/R/goolf/4.3" > ~/.Renviron
Finished loading modules...
Activate conda environment...
/scratch/xpz5km/vcell_in/_03_15_24_TEST_CPC_tensed_RefModel_128x64_to_omex_SBML_units.omex
/scratch/xpz5km/vcell_out/_03_15_24_TEST_CPC_tensed_RefModel_128x64_to_omex_SBML_units
mkdir: cannot create directory ‘/scratch/xpz5km/vcell_out/_03_15_24_TEST_CPC_tensed_RefModel_128x64_to_omex_SBML_units’: File exists
Run VCell model through CLI...
INFO:    gocryptfs not found, will not be able to use gocryptfs
docker: Command recieved::<-i /scratch/xpz5km/vcell_in/_03_15_24_TEST_CPC_tensed_RefModel_128x64_to_omex_SBML_units.omex -o /scratch/xpz5km/vcell_out/_03_15_24_TEST_CPC_tensed_RefModel_128x64_to_omex_SBML_units>
<-i>
Default case selected
VCell shall execute <biosimulations -i /scratch/xpz5km/vcell_in/_03_15_24_TEST_CPC_tensed_RefModel_128x64_to_omex_SBML_units.omex -o /scratch/xpz5km/vcell_out/_03_15_24_TEST_CPC_tensed_RefModel_128x64_to_omex_SBML_units>
WARN StatusConsoleListener The use of package scanning to locate plugins is deprecated and will be removed in a future release
WARN StatusConsoleListener The use of package scanning to locate plugins is deprecated and will be removed in a future release
WARN StatusConsoleListener The use of package scanning to locate plugins is deprecated and will be removed in a future release
WARN StatusConsoleListener The use of package scanning to locate plugins is deprecated and will be removed in a future release
 INFO (CLIStandalone:36) - Starting Vcell... []{}
 INFO (BiosimulationsCommand:93) - Beginning execution []{}
 INFO (CLIPythonManager:116) - Initializing Python... []{}
ERROR (BiosimulationsCommand:107) - Python error caught: <
Traceback (most recent call last):
  File "<stdin>", line 1, in <module>
  File "/usr/local/app/vcell/installDir/python/vcell_cli_utils/vcell_cli_utils/wrapper.py", line 5, in <module>
    from deprecated import deprecated
ModuleNotFoundError: No module named 'deprecated'

>

 []{}
org.vcell.cli.PythonStreamException: Python error caught: <
Traceback (most recent call last):
  File "<stdin>", line 1, in <module>
  File "/usr/local/app/vcell/installDir/python/vcell_cli_utils/vcell_cli_utils/wrapper.py", line 5, in <module>
    from deprecated import deprecated
ModuleNotFoundError: No module named 'deprecated'

>


	at org.vcell.cli.CLIPythonManager.parsePythonReturn(CLIPythonManager.java:287) ~[vcell-cli-0.0.1-SNAPSHOT.jar:?]
	at org.vcell.cli.CLIPythonManager.parsePythonReturn(CLIPythonManager.java:263) ~[vcell-cli-0.0.1-SNAPSHOT.jar:?]
	at org.vcell.cli.CLIPythonManager.executeThroughPython(CLIPythonManager.java:192) ~[vcell-cli-0.0.1-SNAPSHOT.jar:?]
	at org.vcell.cli.CLIPythonManager.instantiatePythonProcess(CLIPythonManager.java:135) ~[vcell-cli-0.0.1-SNAPSHOT.jar:?]
	at org.vcell.cli.biosimulation.BiosimulationsCommand.call(BiosimulationsCommand.java:95) [vcell-cli-0.0.1-SNAPSHOT.jar:?]
	at org.vcell.cli.biosimulation.BiosimulationsCommand.call(BiosimulationsCommand.java:18) [vcell-cli-0.0.1-SNAPSHOT.jar:?]
	at picocli.CommandLine.executeUserObject(CommandLine.java:1953) [picocli-4.6.3.jar:4.6.3]
	at picocli.CommandLine.access$1300(CommandLine.java:145) [picocli-4.6.3.jar:4.6.3]
	at picocli.CommandLine$RunLast.executeUserObjectOfLastSubcommandWithSameParent(CommandLine.java:2358) [picocli-4.6.3.jar:4.6.3]
	at picocli.CommandLine$RunLast.handle(CommandLine.java:2352) [picocli-4.6.3.jar:4.6.3]
	at picocli.CommandLine$RunLast.handle(CommandLine.java:2314) [picocli-4.6.3.jar:4.6.3]
	at picocli.CommandLine$AbstractParseResultHandler.execute(CommandLine.java:2179) [picocli-4.6.3.jar:4.6.3]
	at picocli.CommandLine$RunLast.execute(CommandLine.java:2316) [picocli-4.6.3.jar:4.6.3]
	at picocli.CommandLine.execute(CommandLine.java:2078) [picocli-4.6.3.jar:4.6.3]
	at org.vcell.cli.CLIStandalone.main(CLIStandalone.java:43) [vcell-cli-0.0.1-SNAPSHOT.jar:?]
Convert reports.h5 to csvs
/sfs/qumulo/qhome/xpz5km/cli_VCell/hdf5_converter_Rivanna.py:1: DeprecationWarning: 
Pyarrow will become a required dependency of pandas in the next major release of pandas (pandas 3.0),
(to allow more performant data types, such as the Arrow string type, and better interoperability with other libraries)
but was not found to be installed on your system.
If this would cause problems for you,
please provide us feedback at https://github.com/pandas-dev/pandas/issues/54466
        
  import pandas as pd
Using default species list of length 37
Traceback (most recent call last):
  File "/sfs/qumulo/qhome/xpz5km/cli_VCell/hdf5_converter_Rivanna.py", line 237, in <module>
    convert_h5_to_csvs(dir_path=dir_path, model_name=model_name, sedml_name = sedml_name)
  File "/sfs/qumulo/qhome/xpz5km/cli_VCell/hdf5_converter_Rivanna.py", line 81, in convert_h5_to_csvs
    with h5py.File(f"{dir_path}/{file_name}", "r") as h5:
  File "/home/xpz5km/.conda/envs/vcell/lib/python3.9/site-packages/h5py/_hl/files.py", line 562, in __init__
    fid = make_fid(name, mode, userblock_size, fapl, fcpl, swmr=swmr)
  File "/home/xpz5km/.conda/envs/vcell/lib/python3.9/site-packages/h5py/_hl/files.py", line 235, in make_fid
    fid = h5f.open(name, flags, fapl=fapl)
  File "h5py/_objects.pyx", line 54, in h5py._objects.with_phil.wrapper
  File "h5py/_objects.pyx", line 55, in h5py._objects.with_phil.wrapper
  File "h5py/h5f.pyx", line 102, in h5py.h5f.open
FileNotFoundError: [Errno 2] Unable to synchronously open file (unable to open file: name = '/scratch/xpz5km/vcell_out/_03_15_24_TEST_CPC_tensed_RefModel_128x64_to_omex_SBML_units/reports.h5', errno = 2, error message = 'No such file or directory', flags = 0, o_flags = 0)
/scratch/xpz5km/vcell_out/_03_15_24_TEST_CPC_tensed_RefModel_128x64_to_omex_SBML_units/simulations/*/

Attaching package: ‘lemon’

The following object is masked from ‘package:purrr’:

    %||%

Bus n/a: changing state UNSET → OPENING
Bus n/a: changing state OPENING → AUTHENTICATING
Bus n/a: changing state AUTHENTICATING → HELLO
Sent message type=method_call sender=n/a destination=org.freedesktop.DBus path=/org/freedesktop/DBus interface=org.freedesktop.DBus member=Hello cookie=1 reply_cookie=0 signature=n/a error-name=n/a error-message=n/a
Got message type=method_return sender=org.freedesktop.DBus destination=:1.11827 path=n/a interface=n/a member=n/a cookie=1 reply_cookie=1 signature=s error-name=n/a error-message=n/a
Bus n/a: changing state HELLO → RUNNING
Sent message type=method_call sender=n/a destination=org.freedesktop.timedate1 path=/org/freedesktop/timedate1 interface=org.freedesktop.DBus.Properties member=GetAll cookie=2 reply_cookie=0 signature=s error-name=n/a error-message=n/a
Got message type=method_return sender=:1.11828 destination=:1.11827 path=n/a interface=n/a member=n/a cookie=24 reply_cookie=2 signature=a{sv} error-name=n/a error-message=n/a
Bus n/a: changing state RUNNING → CLOSED
── Attaching core tidyverse packages ──────────────────────── tidyverse 2.0.0 ──
✔ dplyr     1.1.4     ✔ readr     2.1.5
✔ forcats   1.0.0     ✔ tibble    3.2.1
✔ lubridate 1.9.3     ✔ tidyr     1.3.1
── Conflicts ────────────────────────────────────────── tidyverse_conflicts() ──
✖ lemon::%||%()    masks purrr::%||%()
✖ dplyr::combine() masks gridExtra::combine()
✖ dplyr::filter()  masks stats::filter()
✖ dplyr::lag()     masks stats::lag()
ℹ Use the conflicted package (<http://conflicted.r-lib.org/>) to force all conflicts to become errors

Attaching package: ‘scales’

The following object is masked from ‘package:readr’:

    col_factor

The following object is masked from ‘package:purrr’:

    discard

Using poppler version 20.11.0
[[1]]
[1] TRUE

[[2]]
[1] TRUE

[[3]]
[1] TRUE

[[4]]
[1] TRUE

[[5]]
[1] TRUE

[[6]]
[1] TRUE

[[7]]
[1] TRUE

[[8]]
[1] TRUE

[[9]]
[1] TRUE

[[10]]
[1] TRUE

[[11]]
[1] TRUE

[[12]]
[1] TRUE

[[13]]
[1] TRUE

[[14]]
[1] TRUE

[[15]]
[1] TRUE

[[16]]
[1] TRUE

[1] "/scratch/xpz5km/vcell_out/_03_15_24_TEST_CPC_tensed_RefModel_128x64_to_omex_SBML_units/simulations/*/"
[1] "/scratch/xpz5km/vcell_out/_03_15_24_TEST_CPC_tensed_RefModel_128x64_to_omex_SBML_units/simulations/*/plots"
[1] "/scratch/xpz5km/vcell_out/_03_15_24_TEST_CPC_tensed_RefModel_128x64_to_omex_SBML_units/simulations/*/"
[1] "CPCa"               "pH2A_Sgo1_CPCa"     "pH3_CPCa"          
[4] "pH2A_Sgo1_pH3_CPCa" "CPCi"               "pH2A_Sgo1_CPCi"    
[7] "pH3_CPCi"           "pH2A_Sgo1_pH3_CPCi"
Can't get heatmaps!
<simpleError in setwd(importPath): cannot change working directory>
Can't get line plots!
<simpleError in setwd(importPath): cannot change working directory>
total: 0.91 sec elapsed
