Thu Oct 16 12:27:54 EDT 2025
Loading modules...
Activate conda environment...
To use the same local packages for both R and RStudio, do not set R_LIBS_USER in ~/.Renviron
Lmod Warning:
-------------------------------------------------------------------------------
The following dependent module(s) are not currently loaded: python/3.11.4
(required by: gdal/3.6.3)
-------------------------------------------------------------------------------



/home/xpz5km/cli_VCell/vcell_in/_09_16_25_CPC_metacentric_relaxed_model.omex
/project/g_bme-janeslab/SarahG/VCELL_OUT/_09_16_25_CPC_metacentric_relaxed_model
starting plots...
/project/g_bme-janeslab/SarahG/VCELL_OUT/_09_16_25_CPC_metacentric_relaxed_model/simulations/_09_16_25_metacentric_relaxed_model/
Bus n/a: changing state UNSET → OPENING
Bus n/a: changing state OPENING → AUTHENTICATING
Bus n/a: changing state AUTHENTICATING → HELLO
Sent message type=method_call sender=n/a destination=org.freedesktop.DBus path=/org/freedesktop/DBus interface=org.freedesktop.DBus member=Hello cookie=1 reply_cookie=0 signature=n/a error-name=n/a error-message=n/a
Got message type=method_return sender=org.freedesktop.DBus destination=:1.14533 path=n/a interface=n/a member=n/a cookie=1 reply_cookie=1 signature=s error-name=n/a error-message=n/a
Bus n/a: changing state HELLO → RUNNING
Sent message type=method_call sender=n/a destination=org.freedesktop.timedate1 path=/org/freedesktop/timedate1 interface=org.freedesktop.DBus.Properties member=GetAll cookie=2 reply_cookie=0 signature=s error-name=n/a error-message=n/a
Got message type=method_return sender=:1.14534 destination=:1.14533 path=n/a interface=n/a member=n/a cookie=24 reply_cookie=2 signature=a{sv} error-name=n/a error-message=n/a
Bus n/a: changing state RUNNING → CLOSED
── Attaching core tidyverse packages ──────────────────────── tidyverse 2.0.0 ──
✔ dplyr     1.1.4     ✔ readr     2.1.5
✔ forcats   1.0.0     ✔ tibble    3.2.1
✔ lubridate 1.9.3     ✔ tidyr     1.3.1
── Conflicts ────────────────────────────────────────── tidyverse_conflicts() ──
✖ dplyr::combine() masks gridExtra::combine()
✖ dplyr::filter()  masks stats::filter()
✖ dplyr::lag()     masks stats::lag()
ℹ Use the conflicted package (<http://conflicted.r-lib.org/>) to force all conflicts to become errors

Attaching package: ‘scales’

The following object is masked from ‘package:readr’:

    col_factor

The following object is masked from ‘package:purrr’:

    discard

Using poppler version 20.11.0
[[1]]
[1] TRUE

[[2]]
[1] TRUE

[[3]]
[1] TRUE

[[4]]
[1] TRUE

[[5]]
[1] TRUE

[[6]]
[1] FALSE

[[7]]
[1] TRUE

[[8]]
[1] TRUE

[[9]]
[1] TRUE

[[10]]
[1] TRUE

[[11]]
[1] TRUE

[[12]]
[1] FALSE

[[13]]
[1] TRUE

[[14]]
[1] TRUE

[[15]]
[1] TRUE

[[16]]
[1] TRUE

[1] "/project/g_bme-janeslab/SarahG/VCELL_OUT/_09_16_25_CPC_metacentric_relaxed_model/simulations/_09_16_25_metacentric_relaxed_model/"
[1] "/project/g_bme-janeslab/SarahG/VCELL_OUT/_09_16_25_CPC_metacentric_relaxed_model/simulations/_09_16_25_metacentric_relaxed_model/plots"
[1] "/project/g_bme-janeslab/SarahG/VCELL_OUT/_09_16_25_CPC_metacentric_relaxed_model/simulations/_09_16_25_metacentric_relaxed_model/"
[1] "CPCa"           "pH2A_Sgo1_CPCa" "pH3_CPCa"       "CPCi"          
[5] "pH2A_Sgo1_CPCi" "pH3_CPCi"      
[1] TRUE
[1] TRUE
[1] TRUE
[1] TRUE
[1] TRUE
[1] TRUE
[1] "pH2A"           "pH2A_Sgo1"      "pH2A_Sgo1_CPCa" "pH2A_Sgo1_CPCi"
[1] TRUE
[1] TRUE
[1] TRUE
[1] TRUE
[1] TRUE
[1] TRUE
[1] "pH3"      "pH3_CPCa" "pH3_CPCi"
[1] TRUE
[1] TRUE
[1] TRUE
[1] TRUE
[1] TRUE
[1] TRUE
[1] "Warning: negative concentration(s) detected. This may be the result of  Set to 0."
[1] "Warning: negative concentration(s) detected. This may be the result of  Set to 0."
[1] "Warning: negative concentration(s) detected. This may be the result of  Set to 0."
[1] "Warning: negative concentration(s) detected. This may be the result of  Set to 0."
[1] "Warning: negative concentration(s) detected. This may be the result of  Set to 0."
[1] "Warning: negative concentration(s) detected. This may be the result of  Set to 0."
[1] "Warning: negative concentration(s) detected. This may be the result of  Set to 0."
[1] "Warning: negative concentration(s) detected. This may be the result of  Set to 0."
[1] "Warning: negative concentration(s) detected. This may be the result of  Set to 0."
[1] "Warning: negative concentration(s) detected. This may be the result of  Set to 0."
[1] "Warning: negative concentration(s) detected. This may be the result of  Set to 0."
[1] "Warning: negative concentration(s) detected. This may be the result of  Set to 0."
[1] "Warning: negative concentration(s) detected. This may be the result of  Set to 0."
[1] "Warning: negative concentration(s) detected. This may be the result of  Set to 0."
[1] "Warning: negative concentration(s) detected. This may be the result of  Set to 0."
[1] "Warning: negative concentration(s) detected. This may be the result of  Set to 0."
[1] "Warning: negative concentration(s) detected. This may be the result of  Set to 0."
[1] "Warning: negative concentration(s) detected. This may be the result of  Set to 0."
[1] "Warning: negative concentration(s) detected. This may be the result of  Set to 0."
[1] "Warning: negative concentration(s) detected. This may be the result of  Set to 0."
[1] "Warning: negative concentration(s) detected. This may be the result of  Set to 0."
[1] "Warning: negative concentration(s) detected. This may be the result of  Set to 0."
[1] "Warning: negative concentration(s) detected. This may be the result of  Set to 0."
[1] "Warning: negative concentration(s) detected. This may be the result of  Set to 0."
[1] "Warning: negative concentration(s) detected. This may be the result of  Set to 0."
[1] "Warning: negative concentration(s) detected. This may be the result of  Set to 0."
[1] "Warning: negative concentration(s) detected. This may be the result of  Set to 0."
[1] "Warning: negative concentration(s) detected. This may be the result of  Set to 0."
[1] "Warning: negative concentration(s) detected. This may be the result of  Set to 0."
[1] "Warning: negative concentration(s) detected. This may be the result of  Set to 0."
[1] "Warning: negative concentration(s) detected. This may be the result of  Set to 0."
[1] "Warning: negative concentration(s) detected. This may be the result of  Set to 0."
[1] "Warning: negative concentration(s) detected. This may be the result of  Set to 0."
[1] "Warning: negative concentration(s) detected. This may be the result of  Set to 0."
[1] "Warning: negative concentration(s) detected. This may be the result of  Set to 0."
[1] "Warning: negative concentration(s) detected. This may be the result of  Set to 0."
[1] "Warning: negative concentration(s) detected. This may be the result of  Set to 0."
[1] "Warning: negative concentration(s) detected. This may be the result of  Set to 0."
[1] "Warning: negative concentration(s) detected. This may be the result of  Set to 0."
[1] "Warning: negative concentration(s) detected. This may be the result of  Set to 0."
[1] "Warning: negative concentration(s) detected. This may be the result of  Set to 0."
[1] "Warning: negative concentration(s) detected. This may be the result of  Set to 0."
[1] "Warning: negative concentration(s) detected. This may be the result of  Set to 0."
[1] "Warning: negative concentration(s) detected. This may be the result of  Set to 0."
[1] "Warning: negative concentration(s) detected. This may be the result of  Set to 0."
[1] "Warning: negative concentration(s) detected. This may be the result of  Set to 0."
[1] "Warning: negative concentration(s) detected. This may be the result of  Set to 0."
Converting page 1 to CPC_plot_1.png... done!
Converting page 1 to Mps1_plot_1.png... done!
Converting page 1 to Haspin_Plk1_species_plot_1.png... done!
Converting page 1 to pH3_species_plot_1.png... done!
Converting page 1 to pH2A_species_plot_1.png... done!
Converting page 1 to H2A & H3_plot_1.png... done!
Converting page 1 to Bub1a_pKnl1_species_plot_1.png... done!
total: 89.109 sec elapsed
Warning messages:
1: The `size` argument of `element_line()` is deprecated as of ggplot2 3.4.0.
ℹ Please use the `linewidth` argument instead. 
2: In dir.create(file.path(exportPath, "data")) :
  '/project/g_bme-janeslab/SarahG/VCELL_OUT/_09_16_25_CPC_metacentric_relaxed_model/simulations/_09_16_25_metacentric_relaxed_model/plots/data' already exists
3: In dir.create(file.path(exportPath, "data")) :
  '/project/g_bme-janeslab/SarahG/VCELL_OUT/_09_16_25_CPC_metacentric_relaxed_model/simulations/_09_16_25_metacentric_relaxed_model/plots/data' already exists
4: In dir.create(file.path(exportPath, "data")) :
  '/project/g_bme-janeslab/SarahG/VCELL_OUT/_09_16_25_CPC_metacentric_relaxed_model/simulations/_09_16_25_metacentric_relaxed_model/plots/data' already exists
5: In dir.create(file.path(exportPath, "data")) :
  '/project/g_bme-janeslab/SarahG/VCELL_OUT/_09_16_25_CPC_metacentric_relaxed_model/simulations/_09_16_25_metacentric_relaxed_model/plots/data' already exists
6: In dir.create(file.path(exportPath, "data")) :
  '/project/g_bme-janeslab/SarahG/VCELL_OUT/_09_16_25_CPC_metacentric_relaxed_model/simulations/_09_16_25_metacentric_relaxed_model/plots/data' already exists
7: In dir.create(file.path(exportPath, "data")) :
  '/project/g_bme-janeslab/SarahG/VCELL_OUT/_09_16_25_CPC_metacentric_relaxed_model/simulations/_09_16_25_metacentric_relaxed_model/plots/data' already exists
