Mon Oct 13 12:41:56 EDT 2025
Loading modules...
Activate conda environment...
To use the same local packages for both R and RStudio, do not set R_LIBS_USER in ~/.Renviron
Lmod Warning:
-------------------------------------------------------------------------------
The following dependent module(s) are not currently loaded: python/3.11.4
(required by: gdal/3.6.3)
-------------------------------------------------------------------------------



/home/xpz5km/cli_VCell/vcell_in/_09_16_25_CPC_metacentric_relaxed_model.omex
/project/g_bme-janeslab/SarahG/VCELL_OUT/_09_16_25_CPC_metacentric_relaxed_model
Convert reports.h5 to csvs
Using default species list of length 37
_09_16_25_metacentric_relaxed_model
Overwriting existing files
Overwriting existing files
Traceback (most recent call last):
  File "/sfs/gpfs/tardis/home/xpz5km/cli_VCell/hdf5_converter_Rivanna.py", line 427, in <module>
    convert_h5_to_csvs_Logan_results(dir_path=dir_path, model_name=model_name, sedml_name = sedml_name)
  File "/sfs/gpfs/tardis/home/xpz5km/cli_VCell/hdf5_converter_Rivanna.py", line 413, in convert_h5_to_csvs_Logan_results
    df = pd.DataFrame(arr[:, :, i])
         ^^^^^^^^^^^^^^^^^^^^^^^^^^
  File "/home/xpz5km/.conda/envs/vcell/lib/python3.11/site-packages/pandas/core/frame.py", line 827, in __init__
    mgr = ndarray_to_mgr(
          ^^^^^^^^^^^^^^^
  File "/home/xpz5km/.conda/envs/vcell/lib/python3.11/site-packages/pandas/core/internals/construction.py", line 314, in ndarray_to_mgr
    values = _ensure_2d(values)
             ^^^^^^^^^^^^^^^^^^
  File "/home/xpz5km/.conda/envs/vcell/lib/python3.11/site-packages/pandas/core/internals/construction.py", line 592, in _ensure_2d
    raise ValueError(f"Must pass 2-d input. shape={values.shape}")
ValueError: Must pass 2-d input. shape=(51, 1, 64)
