Fri Oct 10 14:14:00 EDT 2025
Loading modules...
/home/xpz5km/cli_VCell/vcell_in/_09_16_25_CPC_metacentric_relaxed_model.omex
/project/g_bme-janeslab/SarahG/VCELL_OUT/_09_16_25_CPC_metacentric_relaxed_model
mkdir: cannot create directory ‘/project/g_bme-janeslab/SarahG/VCELL_OUT/_09_16_25_CPC_metacentric_relaxed_model’: File exists
Run VCell model through CLI...
docker: Command recieved::<-i /home/xpz5km/cli_VCell/vcell_in/_09_16_25_CPC_metacentric_relaxed_model.omex -o /project/g_bme-janeslab/SarahG/VCELL_OUT/_09_16_25_CPC_metacentric_relaxed_model>
<-i>
Default case selected
VCell shall execute <biosimulations -i /home/xpz5km/cli_VCell/vcell_in/_09_16_25_CPC_metacentric_relaxed_model.omex -o /project/g_bme-janeslab/SarahG/VCELL_OUT/_09_16_25_CPC_metacentric_relaxed_model>
2025-10-10T18:14:03.070191249Z main WARN The use of package scanning to locate Log4j plugins is deprecated.
Please remove the `packages` attribute from your configuration file.
See https://logging.apache.org/log4j/2.x/faq.html#package-scanning for details.
 INFO (CLIStandalone:40) - Starting Vcell... []{}
 INFO (BiosimulationsCommand:99) - Beginning execution []{}
 WARN (SEDMLReader:249) - Unexpected [Element: <notes [Namespace: http://sed-ml.org/sed-ml/level1/version2]/>] []{}
 INFO (ExecutionJob:83) - Executing OMEX archive `_09_16_25_CPC_metacentric_relaxed_model.omex` []{}
-----------------------------------------------------------------------------------------------------
 INFO (SedmlJob:116) - Initializing and Pre-Processing SedML document: _09_16_25_CPC_metacentric_relaxed_model.sedml []{}
 WARN (SEDMLReader:249) - Unexpected [Element: <notes [Namespace: http://sed-ml.org/sed-ml/level1/version2]/>] []{}
 INFO (SedmlJob:173) - Successfully loaded and translated SED-ML file: _09_16_25_CPC_metacentric_relaxed_model.sedml.
	> 1 model
	> 1 simulation
		> 1 Uniform Time Course simulation
	> 1 task
	> 1 output
		> 1 Report
	> Does not have Math Overrides
	> Does not have Parameter Scans []{}
 INFO (SedmlJob:215) - Building solvers and starting simulation of all tasks...  []{}
-----------------------------------------------------------------------------------------------------
 WARN (SEDMLReader:249) - Unexpected [Element: <notes [Namespace: http://sed-ml.org/sed-ml/level1/version2]/>] []{}
 INFO (SBMLImporter:4099) - ignoring missing interior point for domain membrane_chromosome0_void1 with domainType chromosome_void_membrane []{}
 INFO (SBMLImporter:4099) - ignoring missing interior point for domain membrane_chromosome0_void2 with domainType chromosome_void_membrane []{}
 INFO (SBMLImporter:966) - adjustExpression(): replacing '___TIME_SYMBOL___' with 't' in (Dapp * alpha * pow((1.0 * (1.0 / (___TIME_SYMBOL___ + t_step))),(1.0 - (1.0 * alpha)))) []{}
2025-10-10T18:14:04.708557016Z main WARN The Logger cbit.vcell.model.Kinetics was created with the message factory org.apache.logging.log4j.message.ReusableMessageFactory@7dffda8b and is now requested with a null message factory (defaults to org.apache.logging.log4j.message.ParameterizedMessageFactory), which may create log events with unexpected formatting.
2025-10-10T18:14:04.868500406Z main WARN The Logger cbit.vcell.mapping.AbstractMathMapping was created with the message factory org.apache.logging.log4j.message.ReusableMessageFactory@7dffda8b and is now requested with a null message factory (defaults to org.apache.logging.log4j.message.ParameterizedMessageFactory), which may create log events with unexpected formatting.
 INFO (SEDMLImporter:192) - Task (id='tsk_0_0') is compatible, solver match found in ontology: 'KISAO:0000615' matched to SundialsPDE []{}
-  --  --  --  --  --  --  --  --  --  --  --  --  --  --  --  --  --  --  --  --  --  --  --  --  --  -
 INFO (SolverHandler:356) - Initializing simulation job SimID_1848108550_0_0 (tsk_0_0)... []{}
-  --  --  --  --  --  --  --  --  --  --  --  --  --  --  --  --  --  --  --  --  --  --  --  --  --  -
 INFO (SolverHandler:388) - Beginning Simulation... []{}
 WARN (SolverHandler:399) - Solver results will not be compatible with CSV format.  []{}
 INFO (SolverHandler:448) - Successful execution (2961.101s): Model '_09_16_25_CPC_metacentric_relaxed_model__09_16_25_CPC_metacentric_relaxed_model.sedml_Spatial' Task ' 09_16_25_metacentric_relaxed_model' ( 09_16_25_metacentric_relaxed_model). []{}
 INFO (SolverHandler:513) - Processing spatial results of execution... []{}
-  --  --  --  --  --  --  --  --  --  --  --  --  --  --  --  --  --  --  --  --  --  --  --  --  --  -
 INFO (SolverHandler:556) - Ran 1 simulation jobs for 1 biomodels. []{}
-----------------------------------------------------------------------------------------------------
 INFO (SedmlJob:231) - Summary of Task Results
	>  09_16_25_metacentric_relaxed_model (tsk_0_0)::SUCCEEDED
 []{}
 INFO (SedmlJob:258) - Generating outputs...  []{}
 INFO (SedmlJob:374) - Indexing HDF5 data...  []{}
 INFO (SedmlJob:334) - SED-ML : _09_16_25_CPC_metacentric_relaxed_model.sedml successfully completed []{}
 INFO (ExecutionJob:149) - Processing of SedML (_09_16_25_CPC_metacentric_relaxed_model.sedml) succeeded. []{}
 INFO (BiosimulationsHdf5Writer:40) - Creating HDF5 file `reports.h5` in /tmp/VCell_CLI_199cf5476c811162862042740061143 []{}
 WARN (WritableHdfFile:50) - Writing files is in alpha. Check files carefully! []{}
 INFO (BiosimulationsHdf5Writer:110) - HDF5 file successfully written to. []{}
 INFO (ExecutionJob:165) - Omex `_09_16_25_CPC_metacentric_relaxed_model.omex` processing completed (2984.067s) []{}
