Mon Oct 13 12:37:39 EDT 2025
Loading modules...
Activate conda environment...
To use the same local packages for both R and RStudio, do not set R_LIBS_USER in ~/.Renviron
Lmod Warning:
-------------------------------------------------------------------------------
The following dependent module(s) are not currently loaded: python/3.11.4
(required by: gdal/3.6.3)
-------------------------------------------------------------------------------



/home/xpz5km/cli_VCell/vcell_in/_09_16_25_CPC_metacentric_relaxed_model.omex
/project/g_bme-janeslab/SarahG/VCELL_OUT/_09_16_25_CPC_metacentric_relaxed_model
Convert reports.h5 to csvs
Using default species list of length 37
_09_16_25_metacentric_relaxed_model
5D array found, reading in parameter scan
Haspini
Traceback (most recent call last):
  File "/sfs/gpfs/tardis/home/xpz5km/cli_VCell/hdf5_converter_Rivanna.py", line 426, in <module>
    convert_h5_to_csvs(dir_path=dir_path, model_name=model_name, sedml_name = sedml_name)
  File "/sfs/gpfs/tardis/home/xpz5km/cli_VCell/hdf5_converter_Rivanna.py", line 164, in convert_h5_to_csvs
    f"2D Slice for variable {key} at time {timesteps[i]} in plane XY at Z = 0 \n \n"
                                           ~~~~~~~~~^^^
IndexError: index 51 is out of bounds for axis 0 with size 51
