Mon Oct 13 14:59:20 EDT 2025
Loading modules...
Activate conda environment...
To use the same local packages for both R and RStudio, do not set R_LIBS_USER in ~/.Renviron
Lmod Warning:
-------------------------------------------------------------------------------
The following dependent module(s) are not currently loaded: python/3.11.4
(required by: gdal/3.6.3)
-------------------------------------------------------------------------------



/home/xpz5km/cli_VCell/vcell_in/_09_16_25_CPC_metacentric_relaxed_model.omex
/project/g_bme-janeslab/SarahG/VCELL_OUT/_09_16_25_CPC_metacentric_relaxed_model
Convert reports.h5 to csvs
Using default species list of length 39
_09_16_25_metacentric_relaxed_model
Overwriting existing files
Overwriting existing files
Haspini
Haspina
Plk1a
H3
pH3
pKnl1
pKnl1_Bub1a
Bub1a
H2A
pH2A
Bub1a_his
Sgo1
pH2A_Sgo1
CPCi
pH3_CPCi
pH2A_Sgo1_CPCi
CPCa
pH3_CPCa
pH2A_Sgo1_CPCa
Plk1i
Mps1i
pMps1i
Mps1a
pMps1a
Ndc80
pNdc80
Ndc80_Mps1i
Ndc80_pMps1i
pNdc80_Mps1i
pNdc80_pMps1i
Ndc80_Mps1a
Ndc80_pMps1a
pNdc80_Mps1a
pNdc80_pMps1a
Knl1
Sgo1_CPCi
Sgo1_CPCa
H3_CPCi
H3_CPCa
Processing took  16.25948214530945  seconds
/project/g_bme-janeslab/SarahG/VCELL_OUT/_09_16_25_CPC_metacentric_relaxed_model/simulations/_09_16_25_metacentric_relaxed_model/
Bus n/a: changing state UNSET → OPENING
Bus n/a: changing state OPENING → AUTHENTICATING
Bus n/a: changing state AUTHENTICATING → HELLO
Sent message type=method_call sender=n/a destination=org.freedesktop.DBus path=/org/freedesktop/DBus interface=org.freedesktop.DBus member=Hello cookie=1 reply_cookie=0 signature=n/a error-name=n/a error-message=n/a
Got message type=method_return sender=org.freedesktop.DBus destination=:1.163321 path=n/a interface=n/a member=n/a cookie=1 reply_cookie=1 signature=s error-name=n/a error-message=n/a
Bus n/a: changing state HELLO → RUNNING
Sent message type=method_call sender=n/a destination=org.freedesktop.timedate1 path=/org/freedesktop/timedate1 interface=org.freedesktop.DBus.Properties member=GetAll cookie=2 reply_cookie=0 signature=s error-name=n/a error-message=n/a
Got message type=method_return sender=:1.163322 destination=:1.163321 path=n/a interface=n/a member=n/a cookie=24 reply_cookie=2 signature=a{sv} error-name=n/a error-message=n/a
Bus n/a: changing state RUNNING → CLOSED
── Attaching core tidyverse packages ──────────────────────── tidyverse 2.0.0 ──
✔ dplyr     1.1.4     ✔ readr     2.1.5
✔ forcats   1.0.0     ✔ tibble    3.2.1
✔ lubridate 1.9.3     ✔ tidyr     1.3.1
── Conflicts ────────────────────────────────────────── tidyverse_conflicts() ──
✖ dplyr::combine() masks gridExtra::combine()
✖ dplyr::filter()  masks stats::filter()
✖ dplyr::lag()     masks stats::lag()
ℹ Use the conflicted package (<http://conflicted.r-lib.org/>) to force all conflicts to become errors

Attaching package: ‘scales’

The following object is masked from ‘package:readr’:

    col_factor

The following object is masked from ‘package:purrr’:

    discard

Using poppler version 20.11.0
[[1]]
[1] TRUE

[[2]]
[1] TRUE

[[3]]
[1] TRUE

[[4]]
[1] TRUE

[[5]]
[1] TRUE

[[6]]
[1] FALSE

[[7]]
[1] TRUE

[[8]]
[1] TRUE

[[9]]
[1] TRUE

[[10]]
[1] TRUE

[[11]]
[1] TRUE

[[12]]
[1] FALSE

[[13]]
[1] TRUE

[[14]]
[1] TRUE

[[15]]
[1] TRUE

[[16]]
[1] TRUE

[1] "/project/g_bme-janeslab/SarahG/VCELL_OUT/_09_16_25_CPC_metacentric_relaxed_model/simulations/_09_16_25_metacentric_relaxed_model/"
[1] "/project/g_bme-janeslab/SarahG/VCELL_OUT/_09_16_25_CPC_metacentric_relaxed_model/simulations/_09_16_25_metacentric_relaxed_model/plots"
[1] "/project/g_bme-janeslab/SarahG/VCELL_OUT/_09_16_25_CPC_metacentric_relaxed_model/simulations/_09_16_25_metacentric_relaxed_model/"
[1] "CPCa"               "pH2A_Sgo1_CPCa"     "pH3_CPCa"          
[4] "pH2A_Sgo1_pH3_CPCa" "CPCi"               "pH2A_Sgo1_CPCi"    
[7] "pH3_CPCi"           "pH2A_Sgo1_pH3_CPCi"
Can't get heatmaps!
<simpleError in file(file, "rt"): cannot open the connection>
Missing species
pH2A_Sgo1_pH3_CPCa
[1] "/project/g_bme-janeslab/SarahG/VCELL_OUT/_09_16_25_CPC_metacentric_relaxed_model/simulations/_09_16_25_metacentric_relaxed_model//data/"
<simpleError in file(file, "rt"): cannot open the connection>
Missing species
pH2A_Sgo1_pH3_CPCi
[1] "/project/g_bme-janeslab/SarahG/VCELL_OUT/_09_16_25_CPC_metacentric_relaxed_model/simulations/_09_16_25_metacentric_relaxed_model//data/"
<simpleError in file(file, "rt"): cannot open the connection>
Missing species
pH2A_Sgo1_pH3_CPCa
[1] "/project/g_bme-janeslab/SarahG/VCELL_OUT/_09_16_25_CPC_metacentric_relaxed_model/simulations/_09_16_25_metacentric_relaxed_model//data/"
<simpleError in file(file, "rt"): cannot open the connection>
Missing species
pH2A_Sgo1_pH3_CPCi
[1] "/project/g_bme-janeslab/SarahG/VCELL_OUT/_09_16_25_CPC_metacentric_relaxed_model/simulations/_09_16_25_metacentric_relaxed_model//data/"
<simpleError in file(file, "rt"): cannot open the connection>
Missing species
pH2A_Sgo1_pH3_CPCi
[1] "/project/g_bme-janeslab/SarahG/VCELL_OUT/_09_16_25_CPC_metacentric_relaxed_model/simulations/_09_16_25_metacentric_relaxed_model//data/"
<simpleError in file(file, "rt"): cannot open the connection>
Missing species
pH2A_Sgo1_pH3_CPCa
[1] "/project/g_bme-janeslab/SarahG/VCELL_OUT/_09_16_25_CPC_metacentric_relaxed_model/simulations/_09_16_25_metacentric_relaxed_model//data/"
<simpleError in file(file, "rt"): cannot open the connection>
Can't get line plots!
<simpleError in 1:nrow(matrixList[[i]]): argument of length 0>
total: 1.774 sec elapsed
There were 14 warnings (use warnings() to see them)
/project/g_bme-janeslab/SarahG/VCELL_OUT/_09_16_25_CPC_metacentric_relaxed_model/simulations/_09_16_25_metacentric_relaxed_model_scan0/
Bus n/a: changing state UNSET → OPENING
Bus n/a: changing state OPENING → AUTHENTICATING
Bus n/a: changing state AUTHENTICATING → HELLO
Sent message type=method_call sender=n/a destination=org.freedesktop.DBus path=/org/freedesktop/DBus interface=org.freedesktop.DBus member=Hello cookie=1 reply_cookie=0 signature=n/a error-name=n/a error-message=n/a
Got message type=method_return sender=org.freedesktop.DBus destination=:1.163323 path=n/a interface=n/a member=n/a cookie=1 reply_cookie=1 signature=s error-name=n/a error-message=n/a
Bus n/a: changing state HELLO → RUNNING
Sent message type=method_call sender=n/a destination=org.freedesktop.timedate1 path=/org/freedesktop/timedate1 interface=org.freedesktop.DBus.Properties member=GetAll cookie=2 reply_cookie=0 signature=s error-name=n/a error-message=n/a
Got message type=method_return sender=:1.163322 destination=:1.163323 path=n/a interface=n/a member=n/a cookie=33 reply_cookie=2 signature=a{sv} error-name=n/a error-message=n/a
Bus n/a: changing state RUNNING → CLOSED
── Attaching core tidyverse packages ──────────────────────── tidyverse 2.0.0 ──
✔ dplyr     1.1.4     ✔ readr     2.1.5
✔ forcats   1.0.0     ✔ tibble    3.2.1
✔ lubridate 1.9.3     ✔ tidyr     1.3.1
── Conflicts ────────────────────────────────────────── tidyverse_conflicts() ──
✖ dplyr::combine() masks gridExtra::combine()
✖ dplyr::filter()  masks stats::filter()
✖ dplyr::lag()     masks stats::lag()
ℹ Use the conflicted package (<http://conflicted.r-lib.org/>) to force all conflicts to become errors

Attaching package: ‘scales’

The following object is masked from ‘package:readr’:

    col_factor

The following object is masked from ‘package:purrr’:

    discard

Using poppler version 20.11.0
[[1]]
[1] TRUE

[[2]]
[1] TRUE

[[3]]
[1] TRUE

[[4]]
[1] TRUE

[[5]]
[1] TRUE

[[6]]
[1] FALSE

[[7]]
[1] TRUE

[[8]]
[1] TRUE

[[9]]
[1] TRUE

[[10]]
[1] TRUE

[[11]]
[1] TRUE

[[12]]
[1] FALSE

[[13]]
[1] TRUE

[[14]]
[1] TRUE

[[15]]
[1] TRUE

[[16]]
[1] TRUE

[1] "/project/g_bme-janeslab/SarahG/VCELL_OUT/_09_16_25_CPC_metacentric_relaxed_model/simulations/_09_16_25_metacentric_relaxed_model_scan0/"
[1] "/project/g_bme-janeslab/SarahG/VCELL_OUT/_09_16_25_CPC_metacentric_relaxed_model/simulations/_09_16_25_metacentric_relaxed_model_scan0/plots"
[1] "/project/g_bme-janeslab/SarahG/VCELL_OUT/_09_16_25_CPC_metacentric_relaxed_model/simulations/_09_16_25_metacentric_relaxed_model_scan0/"
[1] "CPCa"               "pH2A_Sgo1_CPCa"     "pH3_CPCa"          
[4] "pH2A_Sgo1_pH3_CPCa" "CPCi"               "pH2A_Sgo1_CPCi"    
[7] "pH3_CPCi"           "pH2A_Sgo1_pH3_CPCi"
Can't get heatmaps!
<simpleError in file(file, "rt"): cannot open the connection>
Missing species
CPCa
[1] "/project/g_bme-janeslab/SarahG/VCELL_OUT/_09_16_25_CPC_metacentric_relaxed_model/simulations/_09_16_25_metacentric_relaxed_model_scan0//data/"
<simpleError in file(file, "rt"): cannot open the connection>
Missing species
pH2A_Sgo1_CPCa
[1] "/project/g_bme-janeslab/SarahG/VCELL_OUT/_09_16_25_CPC_metacentric_relaxed_model/simulations/_09_16_25_metacentric_relaxed_model_scan0//data/"
<simpleError in file(file, "rt"): cannot open the connection>
Missing species
pH3_CPCa
[1] "/project/g_bme-janeslab/SarahG/VCELL_OUT/_09_16_25_CPC_metacentric_relaxed_model/simulations/_09_16_25_metacentric_relaxed_model_scan0//data/"
<simpleError in file(file, "rt"): cannot open the connection>
Missing species
pH2A_Sgo1_pH3_CPCa
[1] "/project/g_bme-janeslab/SarahG/VCELL_OUT/_09_16_25_CPC_metacentric_relaxed_model/simulations/_09_16_25_metacentric_relaxed_model_scan0//data/"
<simpleError in file(file, "rt"): cannot open the connection>
Missing species
CPCi
[1] "/project/g_bme-janeslab/SarahG/VCELL_OUT/_09_16_25_CPC_metacentric_relaxed_model/simulations/_09_16_25_metacentric_relaxed_model_scan0//data/"
<simpleError in file(file, "rt"): cannot open the connection>
Missing species
pH2A_Sgo1_CPCi
[1] "/project/g_bme-janeslab/SarahG/VCELL_OUT/_09_16_25_CPC_metacentric_relaxed_model/simulations/_09_16_25_metacentric_relaxed_model_scan0//data/"
<simpleError in file(file, "rt"): cannot open the connection>
Missing species
pH3_CPCi
[1] "/project/g_bme-janeslab/SarahG/VCELL_OUT/_09_16_25_CPC_metacentric_relaxed_model/simulations/_09_16_25_metacentric_relaxed_model_scan0//data/"
<simpleError in file(file, "rt"): cannot open the connection>
Missing species
pH2A_Sgo1_pH3_CPCi
[1] "/project/g_bme-janeslab/SarahG/VCELL_OUT/_09_16_25_CPC_metacentric_relaxed_model/simulations/_09_16_25_metacentric_relaxed_model_scan0//data/"
<simpleError in file(file, "rt"): cannot open the connection>
Missing species
Mps1a
[1] "/project/g_bme-janeslab/SarahG/VCELL_OUT/_09_16_25_CPC_metacentric_relaxed_model/simulations/_09_16_25_metacentric_relaxed_model_scan0//data/"
<simpleError in file(file, "rt"): cannot open the connection>
Missing species
pMps1a
[1] "/project/g_bme-janeslab/SarahG/VCELL_OUT/_09_16_25_CPC_metacentric_relaxed_model/simulations/_09_16_25_metacentric_relaxed_model_scan0//data/"
<simpleError in file(file, "rt"): cannot open the connection>
Missing species
Ndc80_Mps1a
[1] "/project/g_bme-janeslab/SarahG/VCELL_OUT/_09_16_25_CPC_metacentric_relaxed_model/simulations/_09_16_25_metacentric_relaxed_model_scan0//data/"
<simpleError in file(file, "rt"): cannot open the connection>
Missing species
Ndc80_pMps1a
[1] "/project/g_bme-janeslab/SarahG/VCELL_OUT/_09_16_25_CPC_metacentric_relaxed_model/simulations/_09_16_25_metacentric_relaxed_model_scan0//data/"
<simpleError in file(file, "rt"): cannot open the connection>
Missing species
pNdc80_Mps1a
[1] "/project/g_bme-janeslab/SarahG/VCELL_OUT/_09_16_25_CPC_metacentric_relaxed_model/simulations/_09_16_25_metacentric_relaxed_model_scan0//data/"
<simpleError in file(file, "rt"): cannot open the connection>
Missing species
pNdc80_pMps1a
[1] "/project/g_bme-janeslab/SarahG/VCELL_OUT/_09_16_25_CPC_metacentric_relaxed_model/simulations/_09_16_25_metacentric_relaxed_model_scan0//data/"
<simpleError in file(file, "rt"): cannot open the connection>
Missing species
Mps1i
[1] "/project/g_bme-janeslab/SarahG/VCELL_OUT/_09_16_25_CPC_metacentric_relaxed_model/simulations/_09_16_25_metacentric_relaxed_model_scan0//data/"
<simpleError in file(file, "rt"): cannot open the connection>
Missing species
pMps1i
[1] "/project/g_bme-janeslab/SarahG/VCELL_OUT/_09_16_25_CPC_metacentric_relaxed_model/simulations/_09_16_25_metacentric_relaxed_model_scan0//data/"
<simpleError in file(file, "rt"): cannot open the connection>
Missing species
Ndc80_Mps1i
[1] "/project/g_bme-janeslab/SarahG/VCELL_OUT/_09_16_25_CPC_metacentric_relaxed_model/simulations/_09_16_25_metacentric_relaxed_model_scan0//data/"
<simpleError in file(file, "rt"): cannot open the connection>
Missing species
Ndc80_pMps1i
[1] "/project/g_bme-janeslab/SarahG/VCELL_OUT/_09_16_25_CPC_metacentric_relaxed_model/simulations/_09_16_25_metacentric_relaxed_model_scan0//data/"
<simpleError in file(file, "rt"): cannot open the connection>
Missing species
pNdc80_Mps1i
[1] "/project/g_bme-janeslab/SarahG/VCELL_OUT/_09_16_25_CPC_metacentric_relaxed_model/simulations/_09_16_25_metacentric_relaxed_model_scan0//data/"
<simpleError in file(file, "rt"): cannot open the connection>
Missing species
pNdc80_pMps1i
[1] "/project/g_bme-janeslab/SarahG/VCELL_OUT/_09_16_25_CPC_metacentric_relaxed_model/simulations/_09_16_25_metacentric_relaxed_model_scan0//data/"
<simpleError in file(file, "rt"): cannot open the connection>
Missing species
Haspina
[1] "/project/g_bme-janeslab/SarahG/VCELL_OUT/_09_16_25_CPC_metacentric_relaxed_model/simulations/_09_16_25_metacentric_relaxed_model_scan0//data/"
<simpleError in file(file, "rt"): cannot open the connection>
Missing species
Haspini
[1] "/project/g_bme-janeslab/SarahG/VCELL_OUT/_09_16_25_CPC_metacentric_relaxed_model/simulations/_09_16_25_metacentric_relaxed_model_scan0//data/SimID_0__Slice_XY_0_Haspini_0000.csv"
<subscriptOutOfBoundsError in data.matrix(read.csv(paste(importPath, dataFolder, grep(pattern,     list.files(dataFolder), value = TRUE), sep = "/"), header = FALSE,     skip = leader, stringsAsFactors = FALSE))[row_1:row_2, col_1:col_2]: subscript out of bounds>
Missing species
Plk1a
[1] "/project/g_bme-janeslab/SarahG/VCELL_OUT/_09_16_25_CPC_metacentric_relaxed_model/simulations/_09_16_25_metacentric_relaxed_model_scan0//data/"
<simpleError in file(file, "rt"): cannot open the connection>
Missing species
Plk1i
[1] "/project/g_bme-janeslab/SarahG/VCELL_OUT/_09_16_25_CPC_metacentric_relaxed_model/simulations/_09_16_25_metacentric_relaxed_model_scan0//data/"
<simpleError in file(file, "rt"): cannot open the connection>
Missing species
pH3
[1] "/project/g_bme-janeslab/SarahG/VCELL_OUT/_09_16_25_CPC_metacentric_relaxed_model/simulations/_09_16_25_metacentric_relaxed_model_scan0//data/"
<simpleError in file(file, "rt"): cannot open the connection>
Missing species
pH3_CPCa
[1] "/project/g_bme-janeslab/SarahG/VCELL_OUT/_09_16_25_CPC_metacentric_relaxed_model/simulations/_09_16_25_metacentric_relaxed_model_scan0//data/"
<simpleError in file(file, "rt"): cannot open the connection>
Missing species
pH3_CPCi
[1] "/project/g_bme-janeslab/SarahG/VCELL_OUT/_09_16_25_CPC_metacentric_relaxed_model/simulations/_09_16_25_metacentric_relaxed_model_scan0//data/"
<simpleError in file(file, "rt"): cannot open the connection>
Missing species
pH2A_Sgo1_pH3_CPCa
[1] "/project/g_bme-janeslab/SarahG/VCELL_OUT/_09_16_25_CPC_metacentric_relaxed_model/simulations/_09_16_25_metacentric_relaxed_model_scan0//data/"
<simpleError in file(file, "rt"): cannot open the connection>
Missing species
pH2A_Sgo1_pH3_CPCi
[1] "/project/g_bme-janeslab/SarahG/VCELL_OUT/_09_16_25_CPC_metacentric_relaxed_model/simulations/_09_16_25_metacentric_relaxed_model_scan0//data/"
<simpleError in file(file, "rt"): cannot open the connection>
Missing species
pH2A
[1] "/project/g_bme-janeslab/SarahG/VCELL_OUT/_09_16_25_CPC_metacentric_relaxed_model/simulations/_09_16_25_metacentric_relaxed_model_scan0//data/"
<simpleError in file(file, "rt"): cannot open the connection>
Missing species
pH2A_Sgo1
[1] "/project/g_bme-janeslab/SarahG/VCELL_OUT/_09_16_25_CPC_metacentric_relaxed_model/simulations/_09_16_25_metacentric_relaxed_model_scan0//data/"
<simpleError in file(file, "rt"): cannot open the connection>
Missing species
pH2A_Sgo1_CPCa
[1] "/project/g_bme-janeslab/SarahG/VCELL_OUT/_09_16_25_CPC_metacentric_relaxed_model/simulations/_09_16_25_metacentric_relaxed_model_scan0//data/"
<simpleError in file(file, "rt"): cannot open the connection>
Missing species
pH2A_Sgo1_CPCi
[1] "/project/g_bme-janeslab/SarahG/VCELL_OUT/_09_16_25_CPC_metacentric_relaxed_model/simulations/_09_16_25_metacentric_relaxed_model_scan0//data/"
<simpleError in file(file, "rt"): cannot open the connection>
Missing species
pH2A_Sgo1_pH3_CPCi
[1] "/project/g_bme-janeslab/SarahG/VCELL_OUT/_09_16_25_CPC_metacentric_relaxed_model/simulations/_09_16_25_metacentric_relaxed_model_scan0//data/"
<simpleError in file(file, "rt"): cannot open the connection>
Missing species
pH2A_Sgo1_pH3_CPCa
[1] "/project/g_bme-janeslab/SarahG/VCELL_OUT/_09_16_25_CPC_metacentric_relaxed_model/simulations/_09_16_25_metacentric_relaxed_model_scan0//data/"
<simpleError in file(file, "rt"): cannot open the connection>
Missing species
H3
[1] "/project/g_bme-janeslab/SarahG/VCELL_OUT/_09_16_25_CPC_metacentric_relaxed_model/simulations/_09_16_25_metacentric_relaxed_model_scan0//data/"
<simpleError in file(file, "rt"): cannot open the connection>
Missing species
H2A
[1] "/project/g_bme-janeslab/SarahG/VCELL_OUT/_09_16_25_CPC_metacentric_relaxed_model/simulations/_09_16_25_metacentric_relaxed_model_scan0//data/"
<simpleError in file(file, "rt"): cannot open the connection>
Missing species
Bub1a
[1] "/project/g_bme-janeslab/SarahG/VCELL_OUT/_09_16_25_CPC_metacentric_relaxed_model/simulations/_09_16_25_metacentric_relaxed_model_scan0//data/"
<simpleError in file(file, "rt"): cannot open the connection>
Missing species
pKnl1
[1] "/project/g_bme-janeslab/SarahG/VCELL_OUT/_09_16_25_CPC_metacentric_relaxed_model/simulations/_09_16_25_metacentric_relaxed_model_scan0//data/"
<simpleError in file(file, "rt"): cannot open the connection>
Missing species
pKnl1_Bub1a
[1] "/project/g_bme-janeslab/SarahG/VCELL_OUT/_09_16_25_CPC_metacentric_relaxed_model/simulations/_09_16_25_metacentric_relaxed_model_scan0//data/"
<simpleError in file(file, "rt"): cannot open the connection>
Can't get line plots!
<subscriptOutOfBoundsError in matrixList[[i]]: subscript out of bounds>
total: 1.032 sec elapsed
There were 50 or more warnings (use warnings() to see the first 50)
