Mon Oct 13 14:18:28 EDT 2025
Loading modules...
Activate conda environment...
To use the same local packages for both R and RStudio, do not set R_LIBS_USER in ~/.Renviron
Lmod Warning:
-------------------------------------------------------------------------------
The following dependent module(s) are not currently loaded: python/3.11.4
(required by: gdal/3.6.3)
-------------------------------------------------------------------------------



/home/xpz5km/cli_VCell/vcell_in/_09_16_25_CPC_metacentric_relaxed_model.omex
/project/g_bme-janeslab/SarahG/VCELL_OUT/_09_16_25_CPC_metacentric_relaxed_model
Convert reports.h5 to csvs
_09_16_25_metacentric_relaxed_model
Overwriting existing files
Overwriting existing files
Traceback (most recent call last):
  File "/sfs/gpfs/tardis/home/xpz5km/cli_VCell/hdf5_converter_Rivanna.py", line 389, in <module>
    convert_h5_to_csvs_Logan_results(dir_path=dir_path, model_name=model_name, sedml_name = sedml_name)
  File "/sfs/gpfs/tardis/home/xpz5km/cli_VCell/hdf5_converter_Rivanna.py", line 352, in convert_h5_to_csvs_Logan_results
    arr = h5[f"{sedml_name}.sedml"][f"report_{simulation_name}"][
          ^^^^^^^^^^^^^^^^^^^^^^^^^^^^^^^^^^^^^^^^^^^^^^^^^^^^^^^
  File "h5py/_objects.pyx", line 56, in h5py._objects.with_phil.wrapper
  File "h5py/_objects.pyx", line 57, in h5py._objects.with_phil.wrapper
  File "/home/xpz5km/.conda/envs/vcell/lib/python3.11/site-packages/h5py/_hl/dataset.py", line 820, in __getitem__
    return self._fast_reader.read(args)
           ^^^^^^^^^^^^^^^^^^^^^^^^^^^^
  File "h5py/_selector.pyx", line 361, in h5py._selector.Reader.read
  File "h5py/_selector.pyx", line 151, in h5py._selector.Selector.apply_args
IndexError: Index (1) out of range for (0-0)
