Fri Sep 19 14:43:15 EDT 2025
Loading modules...
Requirement already satisfied: pandas in /sfs/gpfs/tardis/home/xpz5km/.conda/envs/vcell/lib/python3.9/site-packages (2.2.0)
Requirement already satisfied: h5py in /sfs/gpfs/tardis/home/xpz5km/.conda/envs/vcell/lib/python3.9/site-packages (3.10.0)
Requirement already satisfied: numpy<2,>=1.22.4 in /sfs/gpfs/tardis/home/xpz5km/.conda/envs/vcell/lib/python3.9/site-packages (from pandas) (1.26.3)
Requirement already satisfied: python-dateutil>=2.8.2 in /sfs/gpfs/tardis/home/xpz5km/.conda/envs/vcell/lib/python3.9/site-packages (from pandas) (2.8.2)
Requirement already satisfied: pytz>=2020.1 in /sfs/gpfs/tardis/home/xpz5km/.conda/envs/vcell/lib/python3.9/site-packages (from pandas) (2023.4)
Requirement already satisfied: tzdata>=2022.7 in /sfs/gpfs/tardis/home/xpz5km/.conda/envs/vcell/lib/python3.9/site-packages (from pandas) (2023.4)
Requirement already satisfied: six>=1.5 in /sfs/gpfs/tardis/home/xpz5km/.conda/envs/vcell/lib/python3.9/site-packages (from python-dateutil>=2.8.2->pandas) (1.16.0)
/scratch/xpz5km/vcell_out/MaybeFixedResults
Run VCell model through CLI...
FATAL:   While checking container encryption: could not open image /home/xpz5km/vcell_misc/vcell_sif_121.sif: failed to retrieve path for /home/xpz5km/vcell_misc/vcell_sif_121.sif: lstat /sfs/gpfs/tardis/home/xpz5km/vcell_misc: no such file or directory
Loading modules...
To use the same local packages for both R and RStudio, do not set R_LIBS_USER in ~/.Renviron
Lmod Warning:
-------------------------------------------------------------------------------
The following dependent module(s) are not currently loaded: python/3.11.4
(required by: gdal/3.6.3)
-------------------------------------------------------------------------------



Finished loading modules...
Activate conda environment...
Convert reports.h5 to csvs
Traceback (most recent call last):
  File "/sfs/gpfs/tardis/home/xpz5km/cli_VCell/hdf5_converter_Rivanna.py", line 1, in <module>
    import pandas as pd
ModuleNotFoundError: No module named 'pandas'
