Tue Sep 23 12:04:29 EDT 2025
Loading modules...
/scratch/xpz5km/cli_VCell/vcell_in/_09_16_25_CPC_metacentric_relaxed_model.omex
/scratch/xpz5km/cli_VCell/vcell_out/_09_16_25_CPC_metacentric_relaxed_model
mkdir: cannot create directory ‘/scratch/xpz5km/cli_VCell/vcell_out/_09_16_25_CPC_metacentric_relaxed_model’: No such file or directory
Run VCell model through CLI...
docker: Command recieved::<-i /scratch/xpz5km/cli_VCell/vcell_in/_09_16_25_CPC_metacentric_relaxed_model.omex -o /scratch/xpz5km/cli_VCell/vcell_out/_09_16_25_CPC_metacentric_relaxed_model>
<-i>
Default case selected
VCell shall execute <biosimulations -i /scratch/xpz5km/cli_VCell/vcell_in/_09_16_25_CPC_metacentric_relaxed_model.omex -o /scratch/xpz5km/cli_VCell/vcell_out/_09_16_25_CPC_metacentric_relaxed_model>
WARN StatusConsoleListener The use of package scanning to locate plugins is deprecated and will be removed in a future release
WARN StatusConsoleListener The use of package scanning to locate plugins is deprecated and will be removed in a future release
WARN StatusConsoleListener The use of package scanning to locate plugins is deprecated and will be removed in a future release
WARN StatusConsoleListener The use of package scanning to locate plugins is deprecated and will be removed in a future release
 INFO (CLIStandalone:36) - Starting Vcell... []{}
ERROR (BiosimulationsCommand:78) - ARCHIVE file /scratch/xpz5km/cli_VCell/vcell_in/_09_16_25_CPC_metacentric_relaxed_model.omex not found, try --help for usage []{}
Loading modules again...
Lmod has detected the following error: The following module(s) are unknown:
"anaconda"

Please check the spelling or version number. Also try "module spider ..."
It is also possible your cache file is out-of-date; it may help to try:
  $ module --ignore_cache load "anaconda"

Also make sure that all modulefiles written in TCL start with the string
#%Module



To use the same local packages for both R and RStudio, do not set R_LIBS_USER in ~/.Renviron
Lmod Warning:
-------------------------------------------------------------------------------
The following dependent module(s) are not currently loaded: python/3.11.4
(required by: gdal/3.6.3)
-------------------------------------------------------------------------------



Finished loading modules...
Activate conda environment...
/var/spool/slurm/slurmd/job3952479/slurm_script: line 52: activate: No such file or directory
Convert reports.h5 to csvs
Traceback (most recent call last):
  File "/sfs/gpfs/tardis/home/xpz5km/cli_VCell/hdf5_converter_Rivanna.py", line 1, in <module>
    import pandas as pd
ModuleNotFoundError: No module named 'pandas'
/scratch/xpz5km/cli_VCell/vcell_out/_09_16_25_CPC_metacentric_relaxed_model/simulations/*/
Bus n/a: changing state UNSET → OPENING
Bus n/a: changing state OPENING → AUTHENTICATING
Bus n/a: changing state AUTHENTICATING → HELLO
Sent message type=method_call sender=n/a destination=org.freedesktop.DBus path=/org/freedesktop/DBus interface=org.freedesktop.DBus member=Hello cookie=1 reply_cookie=0 signature=n/a error-name=n/a error-message=n/a
Got message type=method_return sender=org.freedesktop.DBus destination=:1.26589 path=n/a interface=n/a member=n/a cookie=1 reply_cookie=1 signature=s error-name=n/a error-message=n/a
Bus n/a: changing state HELLO → RUNNING
Sent message type=method_call sender=n/a destination=org.freedesktop.timedate1 path=/org/freedesktop/timedate1 interface=org.freedesktop.DBus.Properties member=GetAll cookie=2 reply_cookie=0 signature=s error-name=n/a error-message=n/a
Got message type=method_return sender=:1.26590 destination=:1.26589 path=n/a interface=n/a member=n/a cookie=24 reply_cookie=2 signature=a{sv} error-name=n/a error-message=n/a
Bus n/a: changing state RUNNING → CLOSED
── Attaching core tidyverse packages ──────────────────────── tidyverse 2.0.0 ──
✔ dplyr     1.1.4     ✔ readr     2.1.5
✔ forcats   1.0.0     ✔ tibble    3.2.1
✔ lubridate 1.9.3     ✔ tidyr     1.3.1
── Conflicts ────────────────────────────────────────── tidyverse_conflicts() ──
✖ dplyr::combine() masks gridExtra::combine()
✖ dplyr::filter()  masks stats::filter()
✖ dplyr::lag()     masks stats::lag()
ℹ Use the conflicted package (<http://conflicted.r-lib.org/>) to force all conflicts to become errors

Attaching package: ‘scales’

The following object is masked from ‘package:readr’:

    col_factor

The following object is masked from ‘package:purrr’:

    discard

Using poppler version 20.11.0
[[1]]
[1] TRUE

[[2]]
[1] TRUE

[[3]]
[1] TRUE

[[4]]
[1] TRUE

[[5]]
[1] TRUE

[[6]]
[1] FALSE

[[7]]
[1] TRUE

[[8]]
[1] TRUE

[[9]]
[1] TRUE

[[10]]
[1] TRUE

[[11]]
[1] TRUE

[[12]]
[1] FALSE

[[13]]
[1] TRUE

[[14]]
[1] TRUE

[[15]]
[1] TRUE

[[16]]
[1] TRUE

[1] "/scratch/xpz5km/cli_VCell/vcell_out/_09_16_25_CPC_metacentric_relaxed_model/simulations/*/"
[1] "/scratch/xpz5km/cli_VCell/vcell_out/_09_16_25_CPC_metacentric_relaxed_model/simulations/*/plots"
[1] "/scratch/xpz5km/cli_VCell/vcell_out/_09_16_25_CPC_metacentric_relaxed_model/simulations/*/"
[1] "CPCa"               "pH2A_Sgo1_CPCa"     "pH3_CPCa"          
[4] "pH2A_Sgo1_pH3_CPCa" "CPCi"               "pH2A_Sgo1_CPCi"    
[7] "pH3_CPCi"           "pH2A_Sgo1_pH3_CPCi"
Can't get heatmaps!
<simpleError in setwd(importPath): cannot change working directory>
Can't get line plots!
<simpleError in setwd(importPath): cannot change working directory>
total: 0.978 sec elapsed
